<?xml version="1.0" encoding="UTF-8"?>
<testsuite name="TestAdmin" tests="1" skipped="0" failures="0" errors="0" timestamp="2021-06-21T20:01:12" hostname="HRK1-LHP-F91048" time="17.723">
  <properties/>
  <testcase name="FirstTest()" classname="TestAdmin" time="17.723"/>
  <system-out><![CDATA[]]></system-out>
  <system-err><![CDATA[Starting ChromeDriver 91.0.4472.101 (af52a90bf87030dd1523486a1cd3ae25c5d76c9b-refs/branch-heads/4472@{#1462}) on port 41518
Only local connections are allowed.
Please see https://chromedriver.chromium.org/security-considerations for suggestions on keeping ChromeDriver safe.
ChromeDriver was started successfully.
Jun 21, 2021 11:01:14 PM org.openqa.selenium.remote.ProtocolHandshake createSession
INFO: Detected dialect: W3C
]]></system-err>
</testsuite>
